path.exists is now called `fs.exists`.
Error: ENOENT, open '/home/yhd/yhd/UIManager/node_modules/express/node_modules/connect/node_modules/static-favicon/../public/favicon.ico'
Error: ENOENT, open '/home/yhd/yhd/UIManager/node_modules/express/node_modules/connect/node_modules/static-favicon/../public/favicon.ico'
Error: ENOENT, open '/home/yhd/yhd/UIManager/node_modules/express/node_modules/connect/node_modules/static-favicon/../public/favicon.ico'
Error: ENOENT, open '/home/yhd/yhd/UIManager/node_modules/express/node_modules/connect/node_modules/static-favicon/../public/favicon.ico'
Error: ENOENT, open '/home/yhd/yhd/UIManager/node_modules/express/node_modules/connect/node_modules/static-favicon/../public/favicon.ico'
Error: ENOENT, open '/home/yhd/yhd/UIManager/node_modules/express/node_modules/connect/node_modules/static-favicon/../public/favicon.ico'
Error: ENOENT, open '/home/yhd/yhd/UIManager/node_modules/express/node_modules/connect/node_modules/static-favicon/../public/favicon.ico'
Error: ENOENT, open '/home/yhd/yhd/UIManager/node_modules/express/node_modules/connect/node_modules/static-favicon/../public/favicon.ico'

events.js:72
        throw er; // Unhandled 'error' event
              ^
Error: listen EADDRINUSE
    at errnoException (net.js:901:11)
    at Server._listen2 (net.js:1039:14)
    at listen (net.js:1061:10)
    at Server.listen (net.js:1127:5)
    at Object.<anonymous> (/home/yhd/yhd/UIManager/app.js:55:24)
    at Module._compile (module.js:456:26)
    at Object.Module._extensions..js (module.js:474:10)
    at Module.load (module.js:356:32)
    at Function.Module._load (module.js:312:12)
    at Function.Module.runMain (module.js:497:10)

events.js:72
        throw er; // Unhandled 'error' event
              ^
Error: listen EADDRINUSE
    at errnoException (net.js:901:11)
    at Server._listen2 (net.js:1039:14)
    at listen (net.js:1061:10)
    at Server.listen (net.js:1127:5)
    at Object.<anonymous> (/home/yhd/yhd/UIManager/app.js:55:24)
    at Module._compile (module.js:456:26)
    at Object.Module._extensions..js (module.js:474:10)
    at Module.load (module.js:356:32)
    at Function.Module._load (module.js:312:12)
    at Function.Module.runMain (module.js:497:10)
path.exists is now called `fs.exists`.
Error: ENOENT, open '/home/yhd/yhd/UIManager/node_modules/express/node_modules/connect/node_modules/static-favicon/../public/favicon.ico'

events.js:72
        throw er; // Unhandled 'error' event
              ^
Error: listen EADDRINUSE
    at errnoException (net.js:901:11)
    at Server._listen2 (net.js:1039:14)
    at listen (net.js:1061:10)
    at Server.listen (net.js:1127:5)
    at Object.<anonymous> (/home/yhd/yhd/UIManager/app.js:55:24)
    at Module._compile (module.js:456:26)
    at Object.Module._extensions..js (module.js:474:10)
    at Module.load (module.js:356:32)
    at Function.Module._load (module.js:312:12)
    at Function.Module.runMain (module.js:497:10)
path.exists is now called `fs.exists`.
